<?xml version="1.0" encoding="UTF-8" ?>
<testsuite tests="3" failures="0" name="com.danske.pyramid.MaximumSumBinaryPyramidTest" time="0.263" errors="0" skipped="0">
  <properties>
[...]
</properties>
  <testcase classname="com.danske.pyramid.MaximumSumBinaryPyramidTest" name="findMaximumSumBinaryPyramidComplexInput" time="0.257"/>
  <testcase classname="com.danske.pyramid.MaximumSumBinaryPyramidTest" name="findMaximumSumBinaryPyramidInvalidInput" time="0.001"/>
  <testcase classname="com.danske.pyramid.MaximumSumBinaryPyramidTest" name="findMaximumSumBinaryPyramidSimpleInput" time="0.005"/>
</testsuite>